<?xml version="1.0" encoding="utf-8"?><testsuite errors="1" failures="0" name="pytest" skips="0" tests="1" time="0.493"><testcase classname="" file="test/index_test.py" name="test.index_test" time="0"><error message="collection failure">/opt/conda/envs/learn-env/lib/python3.6/site-packages/_pytest/python.py:488: in _importtestmodule
    mod = self.fspath.pyimport(ensuresyspath=importmode)
/opt/conda/envs/learn-env/lib/python3.6/site-packages/py/_path/local.py:668: in pyimport
    __import__(modname)
&lt;frozen importlib._bootstrap&gt;:971: in _find_and_load
    ???
&lt;frozen importlib._bootstrap&gt;:955: in _find_and_load_unlocked
    ???
&lt;frozen importlib._bootstrap&gt;:656: in _load_unlocked
    ???
&lt;frozen importlib._bootstrap&gt;:626: in _load_backward_compatible
    ???
/opt/conda/envs/learn-env/lib/python3.6/site-packages/_pytest/assertion/rewrite.py:226: in load_module
    py.builtin.exec_(co, mod.__dict__)
test/index_test.py:4: in &lt;module&gt;
    from queries import *
E     File &quot;/home/cruble/sqlalchemy-more-on-one-to-many-lab-nyc-career-ds-102218/queries.py&quot;, line 41
E       player =
E               ^
E   SyntaxError: invalid syntax</error></testcase></testsuite>